[32mINFO[0m:     [07-04-2024 16:03:33] Set chroma_server_nofile to 65535
[32mINFO[0m:     [07-04-2024 16:03:33] Anonymized telemetry enabled. See                     https://docs.trychroma.com/telemetry for more information.
[36mDEBUG[0m:    [07-04-2024 16:03:33] Starting component System
[36mDEBUG[0m:    [07-04-2024 16:03:33] Starting component OpenTelemetryClient
[36mDEBUG[0m:    [07-04-2024 16:03:33] Starting component SimpleAssignmentPolicy
[36mDEBUG[0m:    [07-04-2024 16:03:33] Starting component SqliteDB
[36mDEBUG[0m:    [07-04-2024 16:03:34] Starting component QuotaEnforcer
[36mDEBUG[0m:    [07-04-2024 16:03:34] Starting component Posthog
[36mDEBUG[0m:    [07-04-2024 16:03:34] Starting component LocalSegmentManager
[36mDEBUG[0m:    [07-04-2024 16:03:34] Starting component SegmentAPI
[32mINFO[0m:     [07-04-2024 16:03:34] Started server process [[36m402227[0m]
[32mINFO[0m:     [07-04-2024 16:03:34] Waiting for application startup.
[32mINFO[0m:     [07-04-2024 16:03:34] Application startup complete.
[32mINFO[0m:     [07-04-2024 16:03:34] Uvicorn running on [1mhttp://localhost:8000[0m (Press CTRL+C to quit)
[32mINFO[0m:     [07-04-2024 16:03:46] Shutting down
[32mINFO[0m:     [07-04-2024 16:03:46] Waiting for application shutdown.
[36mDEBUG[0m:    [07-04-2024 16:03:46] Stopping component System
[36mDEBUG[0m:    [07-04-2024 16:03:46] Stopping component SegmentAPI
[36mDEBUG[0m:    [07-04-2024 16:03:46] Stopping component LocalSegmentManager
[36mDEBUG[0m:    [07-04-2024 16:03:46] Stopping component Posthog
[36mDEBUG[0m:    [07-04-2024 16:03:46] Stopping component QuotaEnforcer
[36mDEBUG[0m:    [07-04-2024 16:03:46] Stopping component SqliteDB
[36mDEBUG[0m:    [07-04-2024 16:03:46] Stopping component SimpleAssignmentPolicy
[36mDEBUG[0m:    [07-04-2024 16:03:46] Stopping component OpenTelemetryClient
[32mINFO[0m:     [07-04-2024 16:03:46] Application shutdown complete.
[32mINFO[0m:     [07-04-2024 16:03:46] Finished server process [[36m402227[0m]
